android/app/build/outputs/logs/manifest-merger-debug-report.txt
-- Merging decision tree log ---
manifest
ADDED from src\main\AndroidManifest.xml:1:1-28:12
	package
		ADDED from src\main\AndroidManifest.xml:2:5-26
		INJECTED from src\main\AndroidManifest.xml
		INJECTED from src\main\AndroidManifest.xml
	android:versionName
		INJECTED from src\main\AndroidManifest.xml
		INJECTED from src\main\AndroidManifest.xml
	xmlns:android
		ADDED from src\main\AndroidManifest.xml:1:11-69
	android:versionCode
		INJECTED from src\main\AndroidManifest.xml
		INJECTED from src\main\AndroidManifest.xml
uses-permission#android.permission.INTERNET
ADDED from src\main\AndroidManifest.xml:4:5-67
	android:name
		ADDED from src\main\AndroidManifest.xml:4:22-64
uses-permission#android.permission.SYSTEM_ALERT_WINDOW
ADDED from src\main\AndroidManifest.xml:5:5-77
MERGED from [com.facebook.react:react-native:0.55.4] AndroidManifest.xml:11:5-78
	android:name
		ADDED from src\main\AndroidManifest.xml:5:22-75
uses-permission#android.permission.BLUETOOTH
ADDED from src\main\AndroidManifest.xml:6:5-67
MERGED from [BLEtest:react-native-ble-manager:unspecified] AndroidManifest.xml:7:5-68
MERGED from [com.polidea.rxandroidble:rxandroidble:1.4.3] AndroidManifest.xml:11:5-68
	android:name
		ADDED from src\main\AndroidManifest.xml:6:22-65
uses-permission#android.permission.BLUETOOTH_ADMIN
ADDED from src\main\AndroidManifest.xml:7:5-73
MERGED from [BLEtest:react-native-ble-manager:unspecified] AndroidManifest.xml:8:5-74
MERGED from [com.polidea.rxandroidble:rxandroidble:1.4.3] AndroidManifest.xml:12:5-74
	android:name
		ADDED from src\main\AndroidManifest.xml:7:22-71
uses-permission#android.permission.ACCESS_COARSE_LOCATION
ADDED from src\main\AndroidManifest.xml:8:5-81
MERGED from [BLEtest:react-native-ble-manager:unspecified] AndroidManifest.xml:9:5-81
	android:name
		ADDED from src\main\AndroidManifest.xml:8:22-78
application
ADDED from src\main\AndroidManifest.xml:9:5-27:19
MERGED from [com.polidea.rxandroidble:rxandroidble:1.4.3] AndroidManifest.xml:16:5-53
MERGED from [com.facebook.react:react-native:0.55.4] AndroidManifest.xml:13:5-20
MERGED from [com.android.support:appcompat-v7:23.0.1] AndroidManifest.xml:22:5-20
MERGED from [com.android.support:support-v4:23.0.1] AndroidManifest.xml:22:5-20
MERGED from [com.facebook.soloader:soloader:0.1.0] AndroidManifest.xml:3:3-17
MERGED from [org.webkit:android-jsc:r174650] AndroidManifest.xml:2:3-17
	android:label
		ADDED from src\main\AndroidManifest.xml:11:7-39
	android:allowBackup
		ADDED from src\main\AndroidManifest.xml:13:7-34
	android:icon
		ADDED from src\main\AndroidManifest.xml:12:7-41
	android:theme
		ADDED from src\main\AndroidManifest.xml:14:7-38
	android:name
		ADDED from src\main\AndroidManifest.xml:10:7-38
activity#com.bletest.MainActivity
ADDED from src\main\AndroidManifest.xml:15:7-25:18
	android:screenOrientation
		ADDED from src\main\AndroidManifest.xml:18:9-45
	android:label
		ADDED from src\main\AndroidManifest.xml:17:9-41
	android:windowSoftInputMode
		ADDED from src\main\AndroidManifest.xml:20:9-51
	android:configChanges
		ADDED from src\main\AndroidManifest.xml:19:9-79
	android:name
		ADDED from src\main\AndroidManifest.xml:16:9-37
intent-filter#android.intent.action.MAIN+android.intent.category.LAUNCHER
ADDED from src\main\AndroidManifest.xml:21:9-24:25
action#android.intent.action.MAIN
ADDED from src\main\AndroidManifest.xml:22:13-65
	android:name
		ADDED from src\main\AndroidManifest.xml:22:21-62
category#android.intent.category.LAUNCHER
ADDED from src\main\AndroidManifest.xml:23:13-73
	android:name
		ADDED from src\main\AndroidManifest.xml:23:23-70
activity#com.facebook.react.devsupport.DevSettingsActivity
ADDED from src\main\AndroidManifest.xml:26:7-84
	android:name
		ADDED from src\main\AndroidManifest.xml:26:17-81
uses-sdk
INJECTED from src\main\AndroidManifest.xml reason: use-sdk injection requested
MERGED from [BLEtest:react-native-ble-manager:unspecified] AndroidManifest.xml:5:5-44
MERGED from [BLEtest:react-native-vector-icons:unspecified] AndroidManifest.xml:7:5-9:41
MERGED from [BLEtest:react-native-ble-plx:unspecified] AndroidManifest.xml:7:5-9:41
MERGED from [com.polidea.rxandroidble:rxandroidble:1.4.3] AndroidManifest.xml:7:5-9:41
MERGED from [com.artemzin.rxjava:proguard-rules:1.3.2.0] AndroidManifest.xml:8:5-43
MERGED from [com.facebook.react:react-native:0.55.4] AndroidManifest.xml:7:5-9:41
MERGED from [com.android.support:appcompat-v7:23.0.1] AndroidManifest.xml:20:5-43
MERGED from [com.android.support:support-v4:23.0.1] AndroidManifest.xml:20:5-43
MERGED from [com.facebook.fbui.textlayoutbuilder:textlayoutbuilder:1.0.0] AndroidManifest.xml:14:5-16:41
MERGED from [com.facebook.fresco:fresco:1.3.0] AndroidManifest.xml:5:5-7:41
MERGED from [com.facebook.fresco:drawee:1.3.0] AndroidManifest.xml:5:5-7:41
MERGED from [com.facebook.fresco:imagepipeline-okhttp3:1.3.0] AndroidManifest.xml:5:5-7:41
MERGED from [com.facebook.fresco:imagepipeline:1.3.0] AndroidManifest.xml:5:5-7:41
MERGED from [com.facebook.fresco:imagepipeline-base:1.3.0] AndroidManifest.xml:5:5-7:41
MERGED from [com.facebook.fresco:fbcore:1.3.0] AndroidManifest.xml:5:5-7:41
MERGED from [com.facebook.soloader:soloader:0.1.0] AndroidManifest.xml:2:3-70
	android:targetSdkVersion
		INJECTED from src\main\AndroidManifest.xml
		INJECTED from src\main\AndroidManifest.xml
	android:minSdkVersion
		INJECTED from src\main\AndroidManifest.xml
		INJECTED from src\main\AndroidManifest.xml
uses-feature#android.hardware.bluetooth_le
ADDED from [BLEtest:react-native-ble-manager:unspecified] AndroidManifest.xml:11:5-13:35
	android:required
		ADDED from [BLEtest:react-native-ble-manager:unspecified] AndroidManifest.xml:13:9-32
	android:name
		ADDED from [BLEtest:react-native-ble-manager:unspecified] AndroidManifest.xml:12:9-53
uses-permission-sdk-23
ADDED from [com.polidea.rxandroidble:rxandroidble:1.4.3] AndroidManifest.xml:14:5-88
	android:name
		ADDED from [com.polidea.rxandroidble:rxandroidble:1.4.3] AndroidManifest.xml:14:29-85
android:uses-permission#android.permission.WRITE_EXTERNAL_STORAGE
IMPLIED from src\main\AndroidManifest.xml:1:1-28:12 reason: org.webkit.android_jsc has a targetSdkVersion < 4
android:uses-permission#android.permission.READ_PHONE_STATE
IMPLIED from src\main\AndroidManifest.xml:1:1-28:12 reason: org.webkit.android_jsc has a targetSdkVersion < 4
android:uses-permission#android.permission.READ_EXTERNAL_STORAGE
IMPLIED from src\main\AndroidManifest.xml:1:1-28:12 reason: org.webkit.android_jsc requested WRITE_EXTERNAL_STORAGE